<?xml version="1.0" encoding="UTF-8"?>
<!-- Generated by org.testng.reporters.JUnitReportReporter -->
<testsuite hostname="Priya" failures="0" tests="1" name="popUps.hiddenDivisionPopUp" time="6.763" errors="0" timestamp="2022-12-09T13:21:40 IST" skipped="0">
  <testcase classname="popUps.hiddenDivisionPopUp" name="hiddenDivisionPopUp" time="6.763"/>
  <system-out/>
</testsuite> <!-- popUps.hiddenDivisionPopUp -->
