<?xml version="1.0" encoding="UTF-8"?>
<!-- Generated by org.testng.reporters.JUnitReportReporter -->
<testsuite hostname="Priya" failures="0" tests="1" name="Facebook_Automation.frame" time="5.325" errors="0" timestamp="2022-12-05T12:15:18 IST" skipped="0">
  <testcase classname="Facebook_Automation.frame" name="frameFunctions_usingId_attribute" time="5.325"/>
  <system-out/>
</testsuite> <!-- Facebook_Automation.frame -->
