<?xml version="1.0" encoding="UTF-8"?>
<!-- Generated by org.testng.reporters.JUnitReportReporter -->
<testsuite hostname="Priya" failures="0" tests="1" name="popUps.fileUpload" time="5.558" errors="0" timestamp="2022-12-09T14:01:38 IST" skipped="0">
  <testcase classname="popUps.fileUpload" name="uploadFile" time="5.558"/>
  <system-out/>
</testsuite> <!-- popUps.fileUpload -->
