<?xml version="1.0" encoding="UTF-8"?>
<!-- Generated by org.testng.reporters.JUnitReportReporter -->
<testsuite hostname="Priya" failures="0" tests="4" name="popUps.webTables" time="0.816" errors="0" timestamp="2022-12-09T13:59:14 IST" skipped="0">
  <testcase classname="popUps.webTables" name="rowSize" time="0.035"/>
  <system-out/>
  <testcase classname="popUps.webTables" name="printOnlyNumbers" time="0.577"/>
  <system-out/>
  <testcase classname="popUps.webTables" name="toCountNoOfCells" time="0.049"/>
  <system-out/>
  <testcase classname="popUps.webTables" name="rowColumn" time="0.155"/>
  <system-out/>
</testsuite> <!-- popUps.webTables -->
