<?xml version="1.0" encoding="UTF-8"?>
<!-- Generated by org.testng.reporters.JUnitReportReporter -->
<testsuite hostname="Priya" failures="0" tests="1" name="Facebook_Automation.Login" time="21.913" errors="0" timestamp="2022-12-02T11:59:18 IST" skipped="0">
  <testcase classname="Facebook_Automation.Login" name="login_by_css_selectors" time="21.913"/>
  <system-out/>
</testsuite> <!-- Facebook_Automation.Login -->
