<?xml version="1.0" encoding="UTF-8"?>
<!-- Generated by org.testng.reporters.JUnitReportReporter -->
<testsuite hostname="Priya" failures="0" tests="1" name="Facebook_Automation.WebInterfaceMethods" time="0.062" errors="0" timestamp="2022-12-01T23:52:32 IST" skipped="0">
  <testcase classname="Facebook_Automation.WebInterfaceMethods" name="get_Attribute" time="0.062"/>
  <system-out/>
</testsuite> <!-- Facebook_Automation.WebInterfaceMethods -->
