<?xml version="1.0" encoding="UTF-8"?>
<!-- Generated by org.testng.reporters.JUnitReportReporter -->
<testsuite hostname="Priya" failures="0" tests="6" name="actionClasses.MethodsOnActionClasses" time="36.424" errors="0" timestamp="2022-12-09T13:57:10 IST" skipped="0">
  <testcase classname="actionClasses.MethodsOnActionClasses" name="dragAndDrop" time="6.780"/>
  <system-out/>
  <testcase classname="actionClasses.MethodsOnActionClasses" name="googleShortcuts" time="13.219"/>
  <system-out/>
  <testcase classname="actionClasses.MethodsOnActionClasses" name="contextClickUsingActionClass" time="3.132"/>
  <system-out/>
  <testcase classname="actionClasses.MethodsOnActionClasses" name="moveToElement" time="2.617"/>
  <system-out/>
  <testcase classname="actionClasses.MethodsOnActionClasses" name="keyboardMethods" time="4.837"/>
  <system-out/>
  <testcase classname="actionClasses.MethodsOnActionClasses" name="usingDoubleClick" time="5.839"/>
  <system-out/>
</testsuite> <!-- actionClasses.MethodsOnActionClasses -->
