<?xml version="1.0" encoding="UTF-8"?>
<!-- Generated by org.testng.reporters.JUnitReportReporter -->
<testsuite hostname="Priya" failures="0" tests="8" name="popUps.selectbar" time="7.526" errors="0" timestamp="2022-12-09T13:59:51 IST" skipped="0">
  <testcase classname="popUps.selectbar" name="deselectbyValue" time="3.137"/>
  <system-out/>
  <testcase classname="popUps.selectbar" name="toPrintAllTheElement" time="0.090"/>
  <system-out/>
  <testcase classname="popUps.selectbar" name="toPrintTheSelectedOption" time="0.147"/>
  <system-out/>
  <testcase classname="popUps.selectbar" name="toPrintAllOptions" time="0.122"/>
  <system-out/>
  <testcase classname="popUps.selectbar" name="deselectByIndex" time="3.207"/>
  <system-out/>
  <testcase classname="popUps.selectbar" name="byIndex" time="0.677"/>
  <system-out/>
  <testcase classname="popUps.selectbar" name="byValue" time="0.098"/>
  <system-out/>
  <testcase classname="popUps.selectbar" name="getOption" time="0.048"/>
  <system-out/>
</testsuite> <!-- popUps.selectbar -->
