<?xml version="1.0" encoding="UTF-8"?>
<!-- Generated by org.testng.reporters.JUnitReportReporter -->
<testsuite hostname="Priya" failures="0" tests="1" name="Facebook_Automation.javaScriptExecutor" time="6.028" errors="0" timestamp="2022-12-09T12:22:39 IST" skipped="0">
  <testcase classname="Facebook_Automation.javaScriptExecutor" name="toEnter_textInToDisabledTextBox" time="6.028"/>
  <system-out/>
</testsuite> <!-- Facebook_Automation.javaScriptExecutor -->
