<?xml version="1.0" encoding="UTF-8"?>
<!-- Generated by org.testng.reporters.JUnitReportReporter -->
<testsuite hostname="Priya" failures="0" tests="1" name="popUps.javascriptPopUps" time="2.452" errors="0" timestamp="2022-12-09T13:58:01 IST" skipped="0">
  <testcase classname="popUps.javascriptPopUps" name="prompt" time="2.452"/>
  <system-out/>
</testsuite> <!-- popUps.javascriptPopUps -->
