<?xml version="1.0" encoding="UTF-8"?>
<!-- Generated by org.testng.reporters.JUnitReportReporter -->
<testsuite hostname="Priya" failures="0" tests="1" name="popUps.selectbar$webTables" time="0.415" errors="0" timestamp="2022-12-08T12:08:57 IST" skipped="0">
  <testcase classname="popUps.selectbar$webTables" name="getOption" time="0.415"/>
  <system-out/>
</testsuite> <!-- popUps.selectbar$webTables -->
