<?xml version="1.0" encoding="UTF-8"?>
<!-- Generated by org.testng.reporters.JUnitReportReporter -->
<testsuite hostname="Priya" failures="0" tests="1" name="Facebook_Automation.keyTask" time="6.192" errors="0" timestamp="2022-12-02T12:40:30 IST" skipped="0">
  <testcase classname="Facebook_Automation.keyTask" name="using_Robot_class" time="6.192"/>
  <system-out/>
</testsuite> <!-- Facebook_Automation.keyTask -->
